<?xml version="1.0" encoding="UTF-8" ?>
<testsuite tests="1" failures="1" name="DataHandlerTest" time="0.005" errors="0" skipped="0">
  <properties>
[...]
</properties>
  <testcase classname="DataHandlerTest" name="DataHandlerTest.testShowPersons" time="0.005">
    <failure message="org/junit/Assert" type="java.lang.NoClassDefFoundError">java.lang.NoClassDefFoundError: org/junit/Assert
	at DataHandlerTest.testShowPersons(DataHandlerTest.java:9)
Caused by: java.lang.ClassNotFoundException: org.junit.Assert
	at java.base/jdk.internal.loader.BuiltinClassLoader.loadClass(BuiltinClassLoader.java:581)
	at java.base/jdk.internal.loader.ClassLoaders$AppClassLoader.loadClass(ClassLoaders.java:178)
	at java.base/java.lang.ClassLoader.loadClass(ClassLoader.java:522)
	... 19 more
</failure>
    <system-out>U moet eerst personen toevoegen
</system-out>
  </testcase>
</testsuite>